  Game.cpp
C:\Users\NoFi\source\repos\sum_pract_2024\sum_pract_2024\Game.cpp(77,23): warning C4244: инициализация: преобразование "float" в "int", возможна потеря данных
C:\Users\NoFi\source\repos\sum_pract_2024\sum_pract_2024\Game.cpp(79,24): warning C4244: инициализация: преобразование "float" в "int", возможна потеря данных
C:\Users\NoFi\source\repos\sum_pract_2024\sum_pract_2024\Game.cpp(82,59): warning C4244: аргумент: преобразование "int" в "float", возможна потеря данных
C:\Users\NoFi\source\repos\sum_pract_2024\sum_pract_2024\Game.cpp(82,53): warning C4244: аргумент: преобразование "int" в "float", возможна потеря данных
C:\Users\NoFi\source\repos\sum_pract_2024\sum_pract_2024\Game.cpp(125,12): warning C4244: аргумент: преобразование "time_t" в "unsigned int", возможна потеря данных
C:\Users\NoFi\source\repos\sum_pract_2024\sum_pract_2024\Game.cpp(247,23): warning C4244: инициализация: преобразование "float" в "int", возможна потеря данных
C:\Users\NoFi\source\repos\sum_pract_2024\sum_pract_2024\Game.cpp(249,24): warning C4244: инициализация: преобразование "float" в "int", возможна потеря данных
C:\Users\NoFi\source\repos\sum_pract_2024\sum_pract_2024\Game.cpp(338,32): warning C4244: аргумент: преобразование "int" в "float", возможна потеря данных
C:\Users\NoFi\source\repos\sum_pract_2024\sum_pract_2024\Game.cpp(400,23): warning C4244: инициализация: преобразование "float" в "int", возможна потеря данных
C:\Users\NoFi\source\repos\sum_pract_2024\sum_pract_2024\Game.cpp(411,23): warning C4244: инициализация: преобразование "float" в "int", возможна потеря данных
C:\Users\NoFi\source\repos\sum_pract_2024\sum_pract_2024\Game.cpp(413,24): warning C4244: инициализация: преобразование "float" в "int", возможна потеря данных
C:\Users\NoFi\source\repos\sum_pract_2024\sum_pract_2024\Game.cpp(416,60): warning C4244: аргумент: преобразование "int" в "float", возможна потеря данных
C:\Users\NoFi\source\repos\sum_pract_2024\sum_pract_2024\Game.cpp(416,54): warning C4244: аргумент: преобразование "int" в "float", возможна потеря данных
  main.cpp
C:\Users\NoFi\source\repos\sum_pract_2024\sum_pract_2024\main.cpp(25,17): warning C4244: инициализация: преобразование "unsigned int" в "float", возможна потеря данных
C:\Users\NoFi\source\repos\sum_pract_2024\sum_pract_2024\main.cpp(26,18): warning C4244: инициализация: преобразование "unsigned int" в "float", возможна потеря данных
C:\Users\NoFi\source\repos\sum_pract_2024\sum_pract_2024\main.cpp(82,17): warning C4244: инициализация: преобразование "unsigned int" в "float", возможна потеря данных
C:\Users\NoFi\source\repos\sum_pract_2024\sum_pract_2024\main.cpp(83,18): warning C4244: инициализация: преобразование "unsigned int" в "float", возможна потеря данных
C:\Users\NoFi\source\repos\sum_pract_2024\sum_pract_2024\main.cpp(85,23): warning C4244: инициализация: преобразование "unsigned int" в "float", возможна потеря данных
C:\Users\NoFi\source\repos\sum_pract_2024\sum_pract_2024\main.cpp(86,23): warning C4244: инициализация: преобразование "unsigned int" в "float", возможна потеря данных
C:\Users\NoFi\source\repos\sum_pract_2024\sum_pract_2024\main.cpp(91,49): warning C4244: аргумент: преобразование "float" в "int", возможна потеря данных
C:\Users\NoFi\source\repos\sum_pract_2024\sum_pract_2024\main.cpp(210,17): warning C4244: инициализация: преобразование "unsigned int" в "float", возможна потеря данных
C:\Users\NoFi\source\repos\sum_pract_2024\sum_pract_2024\main.cpp(211,18): warning C4244: инициализация: преобразование "unsigned int" в "float", возможна потеря данных
C:\Users\NoFi\source\repos\sum_pract_2024\sum_pract_2024\main.cpp(296,17): warning C4244: инициализация: преобразование "unsigned int" в "float", возможна потеря данных
C:\Users\NoFi\source\repos\sum_pract_2024\sum_pract_2024\main.cpp(297,18): warning C4244: инициализация: преобразование "unsigned int" в "float", возможна потеря данных
C:\Users\NoFi\source\repos\sum_pract_2024\sum_pract_2024\main.cpp(682,17): warning C4244: инициализация: преобразование "unsigned int" в "float", возможна потеря данных
C:\Users\NoFi\source\repos\sum_pract_2024\sum_pract_2024\main.cpp(683,18): warning C4244: инициализация: преобразование "unsigned int" в "float", возможна потеря данных
C:\Users\NoFi\source\repos\sum_pract_2024\sum_pract_2024\main.cpp(684,23): warning C4244: инициализация: преобразование "unsigned int" в "float", возможна потеря данных
C:\Users\NoFi\source\repos\sum_pract_2024\sum_pract_2024\main.cpp(686,23): warning C4244: инициализация: преобразование "unsigned int" в "float", возможна потеря данных
C:\Users\NoFi\source\repos\sum_pract_2024\sum_pract_2024\main.cpp(726,17): warning C4244: инициализация: преобразование "unsigned int" в "float", возможна потеря данных
C:\Users\NoFi\source\repos\sum_pract_2024\sum_pract_2024\main.cpp(727,18): warning C4244: инициализация: преобразование "unsigned int" в "float", возможна потеря данных
  Создание кода
  0 of 291 functions ( 0.0%) were compiled, the rest were copied from previous compilation.
    0 functions were new in current compilation
    0 functions had inline decision re-evaluated but remain unchanged
  Создание кода завершено
  sum_pract_2024.vcxproj -> C:\Users\NoFi\source\repos\sum_pract_2024\x64\Release\sum_pract_2024.exe
